[2022-08-01 16:00:33.705] [error] TypeError: Object has been destroyed
    at WindowMain.<anonymous> (/nix/store/w5xlahiadjyhdvlp45x2d8gzjc1iq6z3-bitwarden-1.32.1/opt/Bitwarden/resources/app.asar/main.js:52653:36)
    at Generator.next (<anonymous>)
    at /nix/store/w5xlahiadjyhdvlp45x2d8gzjc1iq6z3-bitwarden-1.32.1/opt/Bitwarden/resources/app.asar/main.js:52467:71
    at new Promise (<anonymous>)
    at window_main_awaiter (/nix/store/w5xlahiadjyhdvlp45x2d8gzjc1iq6z3-bitwarden-1.32.1/opt/Bitwarden/resources/app.asar/main.js:52463:12)
    at WindowMain.updateWindowState (/nix/store/w5xlahiadjyhdvlp45x2d8gzjc1iq6z3-bitwarden-1.32.1/opt/Bitwarden/resources/app.asar/main.js:52648:16)
    at WindowMain.<anonymous> (/nix/store/w5xlahiadjyhdvlp45x2d8gzjc1iq6z3-bitwarden-1.32.1/opt/Bitwarden/resources/app.asar/main.js:52602:28)
    at Generator.next (<anonymous>)
    at /nix/store/w5xlahiadjyhdvlp45x2d8gzjc1iq6z3-bitwarden-1.32.1/opt/Bitwarden/resources/app.asar/main.js:52467:71
    at new Promise (<anonymous>)
[2022-08-01 16:04:01.955] [error] TypeError: Object has been destroyed
    at WindowMain.<anonymous> (/nix/store/w5xlahiadjyhdvlp45x2d8gzjc1iq6z3-bitwarden-1.32.1/opt/Bitwarden/resources/app.asar/main.js:52653:36)
    at Generator.next (<anonymous>)
    at /nix/store/w5xlahiadjyhdvlp45x2d8gzjc1iq6z3-bitwarden-1.32.1/opt/Bitwarden/resources/app.asar/main.js:52467:71
    at new Promise (<anonymous>)
    at window_main_awaiter (/nix/store/w5xlahiadjyhdvlp45x2d8gzjc1iq6z3-bitwarden-1.32.1/opt/Bitwarden/resources/app.asar/main.js:52463:12)
    at WindowMain.updateWindowState (/nix/store/w5xlahiadjyhdvlp45x2d8gzjc1iq6z3-bitwarden-1.32.1/opt/Bitwarden/resources/app.asar/main.js:52648:16)
    at WindowMain.<anonymous> (/nix/store/w5xlahiadjyhdvlp45x2d8gzjc1iq6z3-bitwarden-1.32.1/opt/Bitwarden/resources/app.asar/main.js:52602:28)
    at Generator.next (<anonymous>)
    at /nix/store/w5xlahiadjyhdvlp45x2d8gzjc1iq6z3-bitwarden-1.32.1/opt/Bitwarden/resources/app.asar/main.js:52467:71
    at new Promise (<anonymous>)
[2022-08-01 16:14:54.715] [error] TypeError: Object has been destroyed
    at WindowMain.<anonymous> (/nix/store/w5xlahiadjyhdvlp45x2d8gzjc1iq6z3-bitwarden-1.32.1/opt/Bitwarden/resources/app.asar/main.js:52653:36)
    at Generator.next (<anonymous>)
    at /nix/store/w5xlahiadjyhdvlp45x2d8gzjc1iq6z3-bitwarden-1.32.1/opt/Bitwarden/resources/app.asar/main.js:52467:71
    at new Promise (<anonymous>)
    at window_main_awaiter (/nix/store/w5xlahiadjyhdvlp45x2d8gzjc1iq6z3-bitwarden-1.32.1/opt/Bitwarden/resources/app.asar/main.js:52463:12)
    at WindowMain.updateWindowState (/nix/store/w5xlahiadjyhdvlp45x2d8gzjc1iq6z3-bitwarden-1.32.1/opt/Bitwarden/resources/app.asar/main.js:52648:16)
    at WindowMain.<anonymous> (/nix/store/w5xlahiadjyhdvlp45x2d8gzjc1iq6z3-bitwarden-1.32.1/opt/Bitwarden/resources/app.asar/main.js:52602:28)
    at Generator.next (<anonymous>)
    at /nix/store/w5xlahiadjyhdvlp45x2d8gzjc1iq6z3-bitwarden-1.32.1/opt/Bitwarden/resources/app.asar/main.js:52467:71
    at new Promise (<anonymous>)
[2022-08-01 16:19:10.035] [error] TypeError: Object has been destroyed
    at WindowMain.<anonymous> (/nix/store/w5xlahiadjyhdvlp45x2d8gzjc1iq6z3-bitwarden-1.32.1/opt/Bitwarden/resources/app.asar/main.js:52653:36)
    at Generator.next (<anonymous>)
    at /nix/store/w5xlahiadjyhdvlp45x2d8gzjc1iq6z3-bitwarden-1.32.1/opt/Bitwarden/resources/app.asar/main.js:52467:71
    at new Promise (<anonymous>)
    at window_main_awaiter (/nix/store/w5xlahiadjyhdvlp45x2d8gzjc1iq6z3-bitwarden-1.32.1/opt/Bitwarden/resources/app.asar/main.js:52463:12)
    at WindowMain.updateWindowState (/nix/store/w5xlahiadjyhdvlp45x2d8gzjc1iq6z3-bitwarden-1.32.1/opt/Bitwarden/resources/app.asar/main.js:52648:16)
    at WindowMain.<anonymous> (/nix/store/w5xlahiadjyhdvlp45x2d8gzjc1iq6z3-bitwarden-1.32.1/opt/Bitwarden/resources/app.asar/main.js:52602:28)
    at Generator.next (<anonymous>)
    at /nix/store/w5xlahiadjyhdvlp45x2d8gzjc1iq6z3-bitwarden-1.32.1/opt/Bitwarden/resources/app.asar/main.js:52467:71
    at new Promise (<anonymous>)
[2022-08-01 18:45:38.196] [error] TypeError: Object has been destroyed
    at WindowMain.<anonymous> (/nix/store/w5xlahiadjyhdvlp45x2d8gzjc1iq6z3-bitwarden-1.32.1/opt/Bitwarden/resources/app.asar/main.js:52653:36)
    at Generator.next (<anonymous>)
    at /nix/store/w5xlahiadjyhdvlp45x2d8gzjc1iq6z3-bitwarden-1.32.1/opt/Bitwarden/resources/app.asar/main.js:52467:71
    at new Promise (<anonymous>)
    at window_main_awaiter (/nix/store/w5xlahiadjyhdvlp45x2d8gzjc1iq6z3-bitwarden-1.32.1/opt/Bitwarden/resources/app.asar/main.js:52463:12)
    at WindowMain.updateWindowState (/nix/store/w5xlahiadjyhdvlp45x2d8gzjc1iq6z3-bitwarden-1.32.1/opt/Bitwarden/resources/app.asar/main.js:52648:16)
    at WindowMain.<anonymous> (/nix/store/w5xlahiadjyhdvlp45x2d8gzjc1iq6z3-bitwarden-1.32.1/opt/Bitwarden/resources/app.asar/main.js:52602:28)
    at Generator.next (<anonymous>)
    at /nix/store/w5xlahiadjyhdvlp45x2d8gzjc1iq6z3-bitwarden-1.32.1/opt/Bitwarden/resources/app.asar/main.js:52467:71
    at new Promise (<anonymous>)
